2021-12-14 21:09:29 INFO  AuthenticationRestController:45 - User yulia login
2021-12-14 21:09:29 ERROR AuthenticationRestController:59 - Error login
2021-12-14 21:09:52 INFO  AuthenticationRestController:45 - User yulia login
2021-12-14 21:09:52 ERROR AuthenticationRestController:59 - Error login
2021-12-14 21:14:40 INFO  AuthenticationRestController:45 - User yulia login
2021-12-14 21:15:30 ERROR AuthenticationRestController:59 - Error login
2021-12-14 21:16:13 INFO  AuthenticationRestController:45 - User yulia login
2021-12-14 21:21:25 ERROR AuthenticationRestController:59 - Error login
2021-12-14 21:22:13 INFO  AuthenticationRestController:45 - User yulia login
2021-12-14 21:22:14 ERROR AuthenticationRestController:59 - Error login
2021-12-14 21:23:09 INFO  AuthenticationRestController:45 - User yulia login
2021-12-14 21:23:39 ERROR AuthenticationRestController:59 - Error login
2021-12-14 21:27:04 INFO  AuthenticationRestController:45 - User yulia login
2021-12-14 21:28:33 ERROR AuthenticationRestController:59 - Error login
2021-12-14 21:39:36 ERROR AuthenticationRestController:73 - Error registration
2021-12-14 21:41:44 INFO  AuthenticationRestController:70 - User student is registered
2021-12-14 21:42:54 INFO  AuthenticationRestController:45 - User student login
2021-12-14 22:19:18 INFO  AuthenticationRestController:45 - User student login
2021-12-14 22:46:50 INFO  AuthenticationRestController:66 - contract with userName student found
2021-12-14 22:46:50 INFO  AuthenticationRestController:76 - contracts - NO CONTENT
2021-12-14 22:46:50 INFO  AuthenticationRestController:70 - computers - NO CONTENT
2021-12-14 22:49:57 INFO  AuthenticationRestController:72 - contracts found
2021-12-14 22:49:57 INFO  AuthenticationRestController:70 - computers - NO CONTENT
2021-12-14 22:49:57 INFO  AuthenticationRestController:76 - contracts - NO CONTENT
2021-12-14 22:50:37 INFO  AuthenticationRestController:70 - computers - NO CONTENT
2021-12-14 22:50:48 INFO  AuthenticationRestController:70 - computers - NO CONTENT
2021-12-14 22:50:57 INFO  AuthenticationRestController:72 - contracts found
2021-12-14 22:50:57 INFO  AuthenticationRestController:76 - contracts - NO CONTENT
2021-12-14 22:50:57 INFO  AuthenticationRestController:70 - computers - NO CONTENT
2021-12-14 22:51:48 INFO  AuthenticationRestController:70 - computers - NO CONTENT
2021-12-14 22:54:54 INFO  AuthenticationRestController:72 - contracts found
2021-12-14 22:54:54 INFO  AuthenticationRestController:76 - contracts - NO CONTENT
2021-12-14 22:54:54 INFO  AuthenticationRestController:70 - computers - NO CONTENT
2021-12-14 22:55:20 INFO  AuthenticationRestController:27 - computer ComputerDto(id=null, cpuManufacturer=INTEL, cpuModel=nn, gpu=bb, ramType=DDR3, ramSize=22, driveType=HDD, driveSize=33, motherBoard=ff, isFree=true, price=567) created
2021-12-14 22:55:20 ERROR AuthenticationRestController:30 - error add computer
2021-12-14 22:55:23 INFO  AuthenticationRestController:70 - computers - NO CONTENT
2021-12-14 23:00:42 INFO  AuthenticationRestController:27 - computer ComputerDto(id=null, cpuManufacturer=INTEL, cpuModel=nn, gpu=bb, ramType=DDR3, ramSize=22, driveType=HDD, driveSize=334, motherBoard=ffghhj, isFree=true, price=567) created
2021-12-14 23:00:42 ERROR AuthenticationRestController:30 - error add computer
2021-12-14 23:00:45 INFO  AuthenticationRestController:70 - computers - NO CONTENT
2021-12-14 23:03:10 INFO  AuthenticationRestController:27 - computer ComputerDto(id=null, cpuManufacturer=INTEL, cpuModel=nn, gpu=bb, ramType=DDR3, ramSize=22, driveType=HDD, driveSize=334, motherBoard=ffghhj, isFree=true, price=567) created
2021-12-14 23:06:33 ERROR AuthenticationRestController:30 - error add computer
2021-12-14 23:06:45 INFO  AuthenticationRestController:70 - computers - NO CONTENT
2021-12-14 23:10:05 INFO  AuthenticationRestController:27 - computer ComputerDto(id=null, cpuManufacturer=INTEL, cpuModel=nn, gpu=bb, ramType=DDR3, ramSize=22, driveType=HDD, driveSize=334, motherBoard=ffghhj, isFree=true, price=567) created
2021-12-14 23:12:26 ERROR AuthenticationRestController:30 - error add computer
2021-12-14 23:12:26 INFO  AuthenticationRestController:27 - computer ComputerDto(id=null, cpuManufacturer=INTEL, cpuModel=12, gpu=bb, ramType=DDR3, ramSize=22, driveType=HDD, driveSize=334, motherBoard=ffghhj, isFree=true, price=567) created
2021-12-14 23:13:25 INFO  AuthenticationRestController:27 - computer ComputerDto(id=null, cpuManufacturer=INTEL, cpuModel=12, gpu=bb, ramType=DDR3, ramSize=22, driveType=HDD, driveSize=334, motherBoard=ffghhj, isFree=true, price=567) created
2021-12-14 23:18:41 INFO  AuthenticationRestController:70 - User admin is registered
2021-12-14 23:22:15 INFO  AuthenticationRestController:45 - User admin login
2021-12-14 23:22:15 INFO  AuthenticationRestController:72 - contracts found
2021-12-14 23:22:15 INFO  AuthenticationRestController:76 - contracts - NO CONTENT
2021-12-14 23:26:40 INFO  AuthenticationRestController:72 - contracts found
2021-12-14 23:26:40 INFO  AuthenticationRestController:76 - contracts - NO CONTENT
2021-12-14 23:47:53 INFO  AuthenticationRestController:45 - User student login
2021-12-14 23:47:54 ERROR AuthenticationRestController:59 - Error login
2021-12-14 23:47:58 INFO  AuthenticationRestController:45 - User student login
2021-12-14 23:47:58 ERROR AuthenticationRestController:59 - Error login
2021-12-14 23:47:58 INFO  AuthenticationRestController:45 - User student login
2021-12-14 23:47:58 ERROR AuthenticationRestController:59 - Error login
2021-12-14 23:47:58 INFO  AuthenticationRestController:45 - User student login
2021-12-14 23:47:59 ERROR AuthenticationRestController:59 - Error login
2021-12-14 23:47:59 INFO  AuthenticationRestController:45 - User student login
2021-12-14 23:47:59 ERROR AuthenticationRestController:59 - Error login
2021-12-14 23:47:59 INFO  AuthenticationRestController:45 - User student login
2021-12-14 23:47:59 ERROR AuthenticationRestController:59 - Error login
2021-12-14 23:48:29 INFO  AuthenticationRestController:45 - User student login
2021-12-14 23:48:29 INFO  AuthenticationRestController:66 - contract with userName student found
2021-12-14 23:48:29 INFO  AuthenticationRestController:76 - contracts - NO CONTENT
2021-12-14 23:48:49 INFO  AuthenticationRestController:96 - contract ContractDto(id=null, isActive=false, startDate=null, endDate=null, userId=null, username=student, computerId=7) created
2021-12-14 23:48:49 INFO  AuthenticationRestController:66 - contract with userName student found
2021-12-15 00:02:12 INFO  AuthenticationRestController:45 - User admin login
2021-12-15 00:02:13 INFO  AuthenticationRestController:72 - contracts found
2021-12-15 00:03:38 INFO  AuthenticationRestController:72 - contracts found
2021-12-15 00:06:36 INFO  AuthenticationRestController:72 - contracts found
2021-12-15 00:10:57 INFO  AuthenticationRestController:72 - contracts found
2021-12-15 00:12:54 INFO  AuthenticationRestController:72 - contracts found
2021-12-15 00:18:32 INFO  AuthenticationRestController:72 - contracts found
2021-12-15 08:10:19 INFO  AuthenticationRestController:45 - User admin login
2021-12-15 08:10:20 INFO  AuthenticationRestController:72 - contracts found
2021-12-15 08:10:53 INFO  AuthenticationRestController:45 - User student login
2021-12-15 08:10:53 INFO  AuthenticationRestController:66 - contract with userName student found
2021-12-15 08:11:14 INFO  AuthenticationRestController:45 - User student login
2021-12-15 08:11:14 INFO  AuthenticationRestController:66 - contract with userName student found
2021-12-15 08:14:51 INFO  AuthenticationRestController:66 - contract with userName student found
2021-12-15 08:15:24 INFO  AuthenticationRestController:45 - User admin login
2021-12-15 08:15:25 INFO  AuthenticationRestController:72 - contracts found
2021-12-15 08:16:24 INFO  AuthenticationRestController:27 - computer ComputerDto(id=null, cpuManufacturer=AMD, cpuModel=32, gpu=htr, ramType=DDR3, ramSize=213, driveType=HDD, driveSize=654, motherBoard=ddddfr, isFree=true, price=1200) created
2021-12-15 08:18:18 INFO  AuthenticationRestController:39 - computer ComputerDto(id=7, cpuManufacturer=INTEL, cpuModel=64, gpu=fre, ramType=DDR5, ramSize=102, driveType=SSD, driveSize=891, motherBoard=geras, isFree=false, price=380) updated
2021-12-15 08:19:05 INFO  AuthenticationRestController:70 - User user is registered
2021-12-15 08:19:10 ERROR AuthenticationRestController:73 - Error registration
2021-12-15 08:19:34 ERROR AuthenticationRestController:73 - Error registration
2021-12-15 08:19:56 INFO  AuthenticationRestController:45 - User user login
2021-12-15 08:19:57 INFO  AuthenticationRestController:66 - contract with userName user found
2021-12-15 08:19:57 INFO  AuthenticationRestController:76 - contracts - NO CONTENT
2021-12-15 08:21:06 INFO  AuthenticationRestController:96 - contract ContractDto(id=null, isActive=false, startDate=null, endDate=null, userId=null, username=user, computerId=11) created
2021-12-15 08:21:06 INFO  AuthenticationRestController:66 - contract with userName user found
2021-12-15 08:40:21 INFO  AuthenticationRestController:70 - User pppt is registered
2021-12-15 08:40:32 ERROR AuthenticationRestController:73 - Error registration
2021-12-15 08:40:41 INFO  AuthenticationRestController:45 - User pppt login
2021-12-15 08:40:41 INFO  AuthenticationRestController:66 - contract with userName pppt found
2021-12-15 08:40:41 INFO  AuthenticationRestController:76 - contracts - NO CONTENT
2021-12-15 08:41:08 INFO  AuthenticationRestController:96 - contract ContractDto(id=null, isActive=false, startDate=null, endDate=null, userId=null, username=pppt, computerId=7) created
2021-12-15 08:41:08 INFO  AuthenticationRestController:66 - contract with userName pppt found
2021-12-15 08:41:20 INFO  AuthenticationRestController:45 - User admin login
2021-12-15 08:41:21 INFO  AuthenticationRestController:72 - contracts found
2021-12-15 08:41:50 INFO  AuthenticationRestController:27 - computer ComputerDto(id=null, cpuManufacturer=INTEL, cpuModel=43, gpu=jjg, ramType=DDR4, ramSize=459, driveType=SSD, driveSize=321, motherBoard=fredg, isFree=true, price=987) created
2021-12-23 18:37:32 INFO  AuthenticationRestController:45 - User student login
2021-12-23 18:37:33 ERROR AuthenticationRestController:59 - Error login
2021-12-23 18:37:35 INFO  AuthenticationRestController:45 - User student login
2021-12-23 18:37:35 ERROR AuthenticationRestController:59 - Error login
2021-12-23 18:38:46 INFO  AuthenticationRestController:70 - User usere is registered
2021-12-23 18:38:58 ERROR AuthenticationRestController:73 - Error registration
2021-12-23 18:39:07 INFO  AuthenticationRestController:45 - User usere login
2021-12-23 18:39:08 INFO  AuthenticationRestController:66 - contract with userName usere found
2021-12-23 18:39:08 INFO  AuthenticationRestController:76 - contracts - NO CONTENT
2021-12-23 18:51:10 INFO  AuthenticationRestController:45 - User admin login
2021-12-23 18:51:11 ERROR AuthenticationRestController:59 - Error login
2021-12-23 18:51:11 INFO  AuthenticationRestController:45 - User admin login
2021-12-23 18:51:11 ERROR AuthenticationRestController:59 - Error login
2021-12-23 18:51:12 INFO  AuthenticationRestController:45 - User admin login
2021-12-23 18:51:12 ERROR AuthenticationRestController:59 - Error login
2021-12-23 18:51:12 INFO  AuthenticationRestController:45 - User admin login
2021-12-23 18:51:13 ERROR AuthenticationRestController:59 - Error login
2021-12-23 18:51:13 INFO  AuthenticationRestController:45 - User admin login
2021-12-23 18:51:13 ERROR AuthenticationRestController:59 - Error login
2021-12-23 18:51:13 INFO  AuthenticationRestController:45 - User admin login
2021-12-23 18:51:13 ERROR AuthenticationRestController:59 - Error login
2021-12-23 18:51:13 INFO  AuthenticationRestController:45 - User admin login
2021-12-23 18:51:13 ERROR AuthenticationRestController:59 - Error login
2021-12-23 18:51:13 INFO  AuthenticationRestController:45 - User admin login
2021-12-23 18:51:13 ERROR AuthenticationRestController:59 - Error login
2021-12-23 18:51:23 INFO  AuthenticationRestController:45 - User admin login
2021-12-23 18:51:23 INFO  AuthenticationRestController:72 - contracts found
2021-12-23 18:52:22 INFO  AuthenticationRestController:45 - User usere login
2021-12-23 18:52:22 ERROR AuthenticationRestController:59 - Error login
2021-12-23 18:52:25 INFO  AuthenticationRestController:45 - User usere login
2021-12-23 18:52:25 ERROR AuthenticationRestController:59 - Error login
2021-12-23 18:52:35 INFO  AuthenticationRestController:45 - User usere login
2021-12-23 18:52:36 INFO  AuthenticationRestController:66 - contract with userName usere found
2021-12-23 18:52:36 INFO  AuthenticationRestController:76 - contracts - NO CONTENT
2021-12-23 18:55:06 INFO  AuthenticationRestController:45 - User usere login
2021-12-23 18:55:07 INFO  AuthenticationRestController:66 - contract with userName usere found
2021-12-23 18:55:07 INFO  AuthenticationRestController:76 - contracts - NO CONTENT
2021-12-23 18:56:34 INFO  AuthenticationRestController:45 - User usere login
2021-12-23 18:56:35 INFO  AuthenticationRestController:66 - contract with userName usere found
2021-12-23 18:56:35 INFO  AuthenticationRestController:76 - contracts - NO CONTENT
2021-12-23 18:57:32 INFO  AuthenticationRestController:45 - User usere login
2021-12-23 18:57:33 INFO  AuthenticationRestController:66 - contract with userName usere found
2021-12-23 18:57:33 INFO  AuthenticationRestController:76 - contracts - NO CONTENT
2021-12-24 13:25:32 INFO  AuthenticationRestController:45 - User usere login
2021-12-24 13:25:33 INFO  AuthenticationRestController:66 - contract with userName usere found
2021-12-24 13:25:33 INFO  AuthenticationRestController:76 - contracts - NO CONTENT
2021-12-24 13:27:28 INFO  AuthenticationRestController:45 - User admin login
2021-12-24 13:27:29 INFO  AuthenticationRestController:72 - contracts found
2021-12-24 13:28:10 INFO  AuthenticationRestController:27 - computer ComputerDto(id=null, cpuManufacturer=AMD, cpuModel=64, gpu=freee, ramType=DDR4, ramSize=1002, driveType=HDD, driveSize=891, motherBoard=gerasss, isFree=true, price=1200) created
2021-12-24 13:28:24 INFO  AuthenticationRestController:39 - computer ComputerDto(id=null, cpuManufacturer=AMD, cpuModel=64, gpu=freee, ramType=DDR4, ramSize=1002, driveType=HDD, driveSize=891, motherBoard=gerasss, isFree=true, price=2200) updated
2021-12-24 13:28:24 ERROR AuthenticationRestController:42 - error update computer
2021-12-24 13:28:38 INFO  AuthenticationRestController:39 - computer ComputerDto(id=22, cpuManufacturer=AMD, cpuModel=64, gpu=freee, ramType=DDR4, ramSize=1002, driveType=HDD, driveSize=891, motherBoard=gerasss, isFree=true, price=2200) updated
2021-12-24 14:12:36 INFO  AuthenticationRestController:45 - User usere login
2021-12-24 14:12:37 INFO  AuthenticationRestController:66 - contract with userName usere found
2021-12-24 14:12:37 INFO  AuthenticationRestController:76 - contracts - NO CONTENT
2021-12-24 14:13:02 INFO  AuthenticationRestController:96 - contract ContractDto(id=null, isActive=false, startDate=null, endDate=null, userId=null, username=usere, computerId=7) created
2021-12-24 14:13:03 INFO  AuthenticationRestController:66 - contract with userName usere found
2021-12-24 14:13:15 INFO  AuthenticationRestController:45 - User usere login
2021-12-24 14:13:15 INFO  AuthenticationRestController:66 - contract with userName usere found
2021-12-24 14:13:19 INFO  AuthenticationRestController:96 - contract ContractDto(id=null, isActive=false, startDate=null, endDate=null, userId=null, username=usere, computerId=8) created
2021-12-24 14:13:19 INFO  AuthenticationRestController:66 - contract with userName usere found
2021-12-24 14:14:00 INFO  AuthenticationRestController:96 - contract ContractDto(id=null, isActive=false, startDate=null, endDate=null, userId=null, username=usere, computerId=8) created
2021-12-24 14:14:00 INFO  AuthenticationRestController:66 - contract with userName usere found
2021-12-24 14:14:07 INFO  AuthenticationRestController:66 - contract with userName usere found
2021-12-24 14:17:29 INFO  AuthenticationRestController:66 - contract with userName usere found
2021-12-24 14:17:46 INFO  AuthenticationRestController:66 - contract with userName usere found
2021-12-27 08:17:44 INFO  AuthenticationRestController:45 - User usere login
2021-12-27 08:17:46 INFO  AuthenticationRestController:70 - contract with userName usere found
2021-12-27 08:17:52 INFO  AuthenticationRestController:100 - contract ContractDto(id=null, isActive=false, startDate=null, endDate=null, userId=null, username=usere, computerId=7) created
2021-12-27 08:17:52 INFO  AuthenticationRestController:70 - contract with userName usere found
2021-12-27 08:17:58 INFO  AuthenticationRestController:70 - contract with userName usere found
2021-12-27 08:23:58 INFO  AuthenticationRestController:70 - contract with userName usere found
2021-12-27 08:27:28 INFO  AuthenticationRestController:70 - contract with userName usere found
2021-12-27 08:27:42 INFO  AuthenticationRestController:45 - User usere login
2021-12-27 08:27:43 INFO  AuthenticationRestController:70 - contract with userName usere found
2021-12-27 08:27:52 INFO  AuthenticationRestController:100 - contract ContractDto(id=null, isActive=false, startDate=null, endDate=null, userId=null, username=usere, computerId=11) created
2021-12-27 08:27:53 INFO  AuthenticationRestController:70 - contract with userName usere found
2021-12-27 08:27:56 INFO  AuthenticationRestController:70 - contract with userName usere found
